<?xml version="1.0" encoding="UTF-8"?>
<testsuite xmlns:xsi="http://www.w3.org/2001/XMLSchema-instance" xsi:noNamespaceSchemaLocation="https://maven.apache.org/surefire/maven-surefire-plugin/xsd/surefire-test-report-3.0.xsd" version="3.0" name="SchoolSupplyInventory.TestDatabaseOperations" time="6.64" tests="8" errors="0" skipped="0" failures="0">
  <properties>
    <property name="java.specification.version" value="17"/>
    <property name="javafx.runtime.version" value="17+18"/>
    <property name="sun.jnu.encoding" value="UTF-8"/>
    <property name="java.class.path" value="/Users/dasha/Desktop/SER 322 Database Management/Project/Deliverable 4/Group1_SchoolSupplyInventory/target/test-classes:/Users/dasha/Desktop/SER 322 Database Management/Project/Deliverable 4/Group1_SchoolSupplyInventory/target/classes:/Users/dasha/.m2/repository/com/mysql/mysql-connector-j/8.0.33/mysql-connector-j-8.0.33.jar:/Users/dasha/.m2/repository/com/google/protobuf/protobuf-java/3.21.9/protobuf-java-3.21.9.jar:/Users/dasha/.m2/repository/org/openjfx/javafx-controls/17/javafx-controls-17.jar:/Users/dasha/.m2/repository/org/openjfx/javafx-controls/17/javafx-controls-17-mac-aarch64.jar:/Users/dasha/.m2/repository/org/openjfx/javafx-fxml/17/javafx-fxml-17.jar:/Users/dasha/.m2/repository/org/openjfx/javafx-fxml/17/javafx-fxml-17-mac-aarch64.jar:/Users/dasha/.m2/repository/org/openjfx/javafx-swing/17/javafx-swing-17.jar:/Users/dasha/.m2/repository/org/openjfx/javafx-swing/17/javafx-swing-17-mac-aarch64.jar:/Users/dasha/.m2/repository/org/openjfx/javafx-base/17/javafx-base-17.jar:/Users/dasha/.m2/repository/org/openjfx/javafx-base/17/javafx-base-17-mac-aarch64.jar:/Users/dasha/.m2/repository/org/openjfx/javafx-graphics/17/javafx-graphics-17.jar:/Users/dasha/.m2/repository/org/openjfx/javafx-graphics/17/javafx-graphics-17-mac-aarch64.jar:/Users/dasha/.m2/repository/junit/junit/4.13.2/junit-4.13.2.jar:/Users/dasha/.m2/repository/org/hamcrest/hamcrest-core/1.3/hamcrest-core-1.3.jar:"/>
    <property name="sun.awt.enableExtraMouseButtons" value="true"/>
    <property name="java.vm.vendor" value="Amazon.com Inc."/>
    <property name="sun.arch.data.model" value="64"/>
    <property name="sun.font.fontmanager" value="sun.font.CFontManager"/>
    <property name="java.vendor.url" value="https://aws.amazon.com/corretto/"/>
    <property name="user.timezone" value="America/New_York"/>
    <property name="os.name" value="Mac OS X"/>
    <property name="java.vm.specification.version" value="17"/>
    <property name="javafx.version" value="17"/>
    <property name="sun.java.launcher" value="SUN_STANDARD"/>
    <property name="user.country" value="US"/>
    <property name="sun.boot.library.path" value="/Users/dasha/Library/Java/JavaVirtualMachines/corretto-17.0.6/Contents/Home/lib"/>
    <property name="sun.java.command" value="/Users/dasha/Desktop/SER 322 Database Management/Project/Deliverable 4/Group1_SchoolSupplyInventory/target/surefire/surefirebooter-20250301183543799_3.jar /Users/dasha/Desktop/SER 322 Database Management/Project/Deliverable 4/Group1_SchoolSupplyInventory/target/surefire 2025-03-01T18-35-43_752-jvmRun1 surefire-20250301183543799_1tmp surefire_0-20250301183543799_2tmp"/>
    <property name="http.nonProxyHosts" value="local|*.local|169.254/16|*.169.254/16"/>
    <property name="jdk.debug" value="release"/>
    <property name="surefire.test.class.path" value="/Users/dasha/Desktop/SER 322 Database Management/Project/Deliverable 4/Group1_SchoolSupplyInventory/target/test-classes:/Users/dasha/Desktop/SER 322 Database Management/Project/Deliverable 4/Group1_SchoolSupplyInventory/target/classes:/Users/dasha/.m2/repository/com/mysql/mysql-connector-j/8.0.33/mysql-connector-j-8.0.33.jar:/Users/dasha/.m2/repository/com/google/protobuf/protobuf-java/3.21.9/protobuf-java-3.21.9.jar:/Users/dasha/.m2/repository/org/openjfx/javafx-controls/17/javafx-controls-17.jar:/Users/dasha/.m2/repository/org/openjfx/javafx-controls/17/javafx-controls-17-mac-aarch64.jar:/Users/dasha/.m2/repository/org/openjfx/javafx-fxml/17/javafx-fxml-17.jar:/Users/dasha/.m2/repository/org/openjfx/javafx-fxml/17/javafx-fxml-17-mac-aarch64.jar:/Users/dasha/.m2/repository/org/openjfx/javafx-swing/17/javafx-swing-17.jar:/Users/dasha/.m2/repository/org/openjfx/javafx-swing/17/javafx-swing-17-mac-aarch64.jar:/Users/dasha/.m2/repository/org/openjfx/javafx-base/17/javafx-base-17.jar:/Users/dasha/.m2/repository/org/openjfx/javafx-base/17/javafx-base-17-mac-aarch64.jar:/Users/dasha/.m2/repository/org/openjfx/javafx-graphics/17/javafx-graphics-17.jar:/Users/dasha/.m2/repository/org/openjfx/javafx-graphics/17/javafx-graphics-17-mac-aarch64.jar:/Users/dasha/.m2/repository/junit/junit/4.13.2/junit-4.13.2.jar:/Users/dasha/.m2/repository/org/hamcrest/hamcrest-core/1.3/hamcrest-core-1.3.jar:"/>
    <property name="sun.cpu.endian" value="little"/>
    <property name="user.home" value="/Users/dasha"/>
    <property name="user.language" value="en"/>
    <property name="java.specification.vendor" value="Oracle Corporation"/>
    <property name="java.version.date" value="2023-01-17"/>
    <property name="java.home" value="/Users/dasha/Library/Java/JavaVirtualMachines/corretto-17.0.6/Contents/Home"/>
    <property name="file.separator" value="/"/>
    <property name="basedir" value="/Users/dasha/Desktop/SER 322 Database Management/Project/Deliverable 4/Group1_SchoolSupplyInventory"/>
    <property name="java.vm.compressedOopsMode" value="Zero based"/>
    <property name="line.separator" value="&#10;"/>
    <property name="java.specification.name" value="Java Platform API Specification"/>
    <property name="java.vm.specification.vendor" value="Oracle Corporation"/>
    <property name="surefire.real.class.path" value="/Users/dasha/Desktop/SER 322 Database Management/Project/Deliverable 4/Group1_SchoolSupplyInventory/target/surefire/surefirebooter-20250301183543799_3.jar"/>
    <property name="sun.management.compiler" value="HotSpot 64-Bit Tiered Compilers"/>
    <property name="ftp.nonProxyHosts" value="local|*.local|169.254/16|*.169.254/16"/>
    <property name="java.runtime.version" value="17.0.6+10-LTS"/>
    <property name="user.name" value="dasha"/>
    <property name="path.separator" value=":"/>
    <property name="os.version" value="15.2"/>
    <property name="java.runtime.name" value="OpenJDK Runtime Environment"/>
    <property name="file.encoding" value="UTF-8"/>
    <property name="java.vm.name" value="OpenJDK 64-Bit Server VM"/>
    <property name="java.vendor.version" value="Corretto-17.0.6.10.1"/>
    <property name="localRepository" value="/Users/dasha/.m2/repository"/>
    <property name="java.vendor.url.bug" value="https://github.com/corretto/corretto-17/issues/"/>
    <property name="java.io.tmpdir" value="/var/folders/c1/spls145x3w562pcs5y59d04w0000gn/T/"/>
    <property name="java.version" value="17.0.6"/>
    <property name="user.dir" value="/Users/dasha/Desktop/SER 322 Database Management/Project/Deliverable 4/Group1_SchoolSupplyInventory"/>
    <property name="os.arch" value="aarch64"/>
    <property name="java.vm.specification.name" value="Java Virtual Machine Specification"/>
    <property name="native.encoding" value="UTF-8"/>
    <property name="java.library.path" value="/Users/dasha/Library/Java/Extensions:/Library/Java/Extensions:/Network/Library/Java/Extensions:/System/Library/Java/Extensions:/usr/lib/java:."/>
    <property name="java.vm.info" value="mixed mode, sharing"/>
    <property name="java.vendor" value="Amazon.com Inc."/>
    <property name="java.vm.version" value="17.0.6+10-LTS"/>
    <property name="sun.io.unicode.encoding" value="UnicodeBig"/>
    <property name="socksNonProxyHosts" value="local|*.local|169.254/16|*.169.254/16"/>
    <property name="java.class.version" value="61.0"/>
  </properties>
  <testcase name="testDatabaseConnection" classname="SchoolSupplyInventory.TestDatabaseOperations" time="0.542"/>
  <testcase name="testUpdateNonExistentItemQuantity" classname="SchoolSupplyInventory.TestDatabaseOperations" time="0.683">
    <system-out><![CDATA[Item quantity updated! Rows affected: 0
]]></system-out>
  </testcase>
  <testcase name="testGetAllItems" classname="SchoolSupplyInventory.TestDatabaseOperations" time="0.619">
    <system-out><![CDATA[Error inserting item
]]></system-out>
    <system-err><![CDATA[java.sql.SQLIntegrityConstraintViolationException: Duplicate entry '5656' for key 'Item.PRIMARY'
	at com.mysql.cj.jdbc.exceptions.SQLError.createSQLException(SQLError.java:118)
	at com.mysql.cj.jdbc.exceptions.SQLExceptionsMapping.translateException(SQLExceptionsMapping.java:122)
	at com.mysql.cj.jdbc.ClientPreparedStatement.executeInternal(ClientPreparedStatement.java:916)
	at com.mysql.cj.jdbc.ClientPreparedStatement.executeUpdateInternal(ClientPreparedStatement.java:1061)
	at com.mysql.cj.jdbc.ClientPreparedStatement.executeUpdateInternal(ClientPreparedStatement.java:1009)
	at com.mysql.cj.jdbc.ClientPreparedStatement.executeLargeUpdate(ClientPreparedStatement.java:1320)
	at com.mysql.cj.jdbc.ClientPreparedStatement.executeUpdate(ClientPreparedStatement.java:994)
	at SchoolSupplyInventory.DatabaseManager.insertItem(DatabaseManager.java:33)
	at SchoolSupplyInventory.TestDatabaseOperations.testGetAllItems(TestDatabaseOperations.java:69)
	at java.base/jdk.internal.reflect.NativeMethodAccessorImpl.invoke0(Native Method)
	at java.base/jdk.internal.reflect.NativeMethodAccessorImpl.invoke(NativeMethodAccessorImpl.java:77)
	at java.base/jdk.internal.reflect.DelegatingMethodAccessorImpl.invoke(DelegatingMethodAccessorImpl.java:43)
	at java.base/java.lang.reflect.Method.invoke(Method.java:568)
	at org.junit.runners.model.FrameworkMethod$1.runReflectiveCall(FrameworkMethod.java:59)
	at org.junit.internal.runners.model.ReflectiveCallable.run(ReflectiveCallable.java:12)
	at org.junit.runners.model.FrameworkMethod.invokeExplosively(FrameworkMethod.java:56)
	at org.junit.internal.runners.statements.InvokeMethod.evaluate(InvokeMethod.java:17)
	at org.junit.internal.runners.statements.RunBefores.evaluate(RunBefores.java:26)
	at org.junit.runners.ParentRunner$3.evaluate(ParentRunner.java:306)
	at org.junit.runners.BlockJUnit4ClassRunner$1.evaluate(BlockJUnit4ClassRunner.java:100)
	at org.junit.runners.ParentRunner.runLeaf(ParentRunner.java:366)
	at org.junit.runners.BlockJUnit4ClassRunner.runChild(BlockJUnit4ClassRunner.java:103)
	at org.junit.runners.BlockJUnit4ClassRunner.runChild(BlockJUnit4ClassRunner.java:63)
	at org.junit.runners.ParentRunner$4.run(ParentRunner.java:331)
	at org.junit.runners.ParentRunner$1.schedule(ParentRunner.java:79)
	at org.junit.runners.ParentRunner.runChildren(ParentRunner.java:329)
	at org.junit.runners.ParentRunner.access$100(ParentRunner.java:66)
	at org.junit.runners.ParentRunner$2.evaluate(ParentRunner.java:293)
	at org.junit.runners.ParentRunner$3.evaluate(ParentRunner.java:306)
	at org.junit.runners.ParentRunner.run(ParentRunner.java:413)
	at org.apache.maven.surefire.junit4.JUnit4Provider.execute(JUnit4Provider.java:316)
	at org.apache.maven.surefire.junit4.JUnit4Provider.executeWithRerun(JUnit4Provider.java:240)
	at org.apache.maven.surefire.junit4.JUnit4Provider.executeTestSet(JUnit4Provider.java:214)
	at org.apache.maven.surefire.junit4.JUnit4Provider.invoke(JUnit4Provider.java:155)
	at org.apache.maven.surefire.booter.ForkedBooter.runSuitesInProcess(ForkedBooter.java:385)
	at org.apache.maven.surefire.booter.ForkedBooter.execute(ForkedBooter.java:162)
	at org.apache.maven.surefire.booter.ForkedBooter.run(ForkedBooter.java:507)
	at org.apache.maven.surefire.booter.ForkedBooter.main(ForkedBooter.java:495)
]]></system-err>
  </testcase>
  <testcase name="testInsertItem" classname="SchoolSupplyInventory.TestDatabaseOperations" time="0.973">
    <system-out><![CDATA[Item added successfully! Rows affected: 1
]]></system-out>
  </testcase>
  <testcase name="testUpdateItemQuantity" classname="SchoolSupplyInventory.TestDatabaseOperations" time="0.96">
    <system-out><![CDATA[Item added successfully! Rows affected: 1
Item quantity updated! Rows affected: 1
]]></system-out>
  </testcase>
  <testcase name="testDeleteItem" classname="SchoolSupplyInventory.TestDatabaseOperations" time="1.254">
    <system-out><![CDATA[Item added successfully! Rows affected: 1
Item deleted successfully! Rows affected: 1
]]></system-out>
  </testcase>
  <testcase name="testDeleteNonExistentItem" classname="SchoolSupplyInventory.TestDatabaseOperations" time="0.625">
    <system-out><![CDATA[Item deleted successfully! Rows affected: 0
]]></system-out>
  </testcase>
  <testcase name="testUpdateItemQuantityToZero" classname="SchoolSupplyInventory.TestDatabaseOperations" time="0.979">
    <system-out><![CDATA[Item added successfully! Rows affected: 1
Item quantity updated! Rows affected: 1
]]></system-out>
  </testcase>
</testsuite>