<?xml version="1.0" encoding="UTF-8"?>
<testsuite xmlns:xsi="http://www.w3.org/2001/XMLSchema-instance" xsi:noNamespaceSchemaLocation="https://maven.apache.org/surefire/maven-surefire-plugin/xsd/surefire-test-report-3.0.xsd" version="3.0" name="SchoolSupplyInventory.TestDatabaseOperations" time="5.884" tests="5" errors="0" skipped="0" failures="0">
  <properties>
    <property name="java.specification.version" value="17"/>
    <property name="javafx.runtime.version" value="17+18"/>
    <property name="sun.jnu.encoding" value="UTF-8"/>
    <property name="java.class.path" value="/Users/dasha/Desktop/SER 322 Database Management/Project/Deliverable 4/Group1_SchoolSupplyInventory/target/test-classes:/Users/dasha/Desktop/SER 322 Database Management/Project/Deliverable 4/Group1_SchoolSupplyInventory/target/classes:/Users/dasha/.m2/repository/com/mysql/mysql-connector-j/8.0.33/mysql-connector-j-8.0.33.jar:/Users/dasha/.m2/repository/com/google/protobuf/protobuf-java/3.21.9/protobuf-java-3.21.9.jar:/Users/dasha/.m2/repository/org/openjfx/javafx-controls/17/javafx-controls-17.jar:/Users/dasha/.m2/repository/org/openjfx/javafx-controls/17/javafx-controls-17-mac-aarch64.jar:/Users/dasha/.m2/repository/org/openjfx/javafx-fxml/17/javafx-fxml-17.jar:/Users/dasha/.m2/repository/org/openjfx/javafx-fxml/17/javafx-fxml-17-mac-aarch64.jar:/Users/dasha/.m2/repository/org/openjfx/javafx-swing/17/javafx-swing-17.jar:/Users/dasha/.m2/repository/org/openjfx/javafx-swing/17/javafx-swing-17-mac-aarch64.jar:/Users/dasha/.m2/repository/org/openjfx/javafx-base/17/javafx-base-17.jar:/Users/dasha/.m2/repository/org/openjfx/javafx-base/17/javafx-base-17-mac-aarch64.jar:/Users/dasha/.m2/repository/org/openjfx/javafx-graphics/17/javafx-graphics-17.jar:/Users/dasha/.m2/repository/org/openjfx/javafx-graphics/17/javafx-graphics-17-mac-aarch64.jar:/Users/dasha/.m2/repository/junit/junit/4.13.2/junit-4.13.2.jar:/Users/dasha/.m2/repository/org/hamcrest/hamcrest-core/1.3/hamcrest-core-1.3.jar:"/>
    <property name="sun.awt.enableExtraMouseButtons" value="true"/>
    <property name="java.vm.vendor" value="Amazon.com Inc."/>
    <property name="sun.arch.data.model" value="64"/>
    <property name="sun.font.fontmanager" value="sun.font.CFontManager"/>
    <property name="java.vendor.url" value="https://aws.amazon.com/corretto/"/>
    <property name="user.timezone" value="America/New_York"/>
    <property name="os.name" value="Mac OS X"/>
    <property name="java.vm.specification.version" value="17"/>
    <property name="javafx.version" value="17"/>
    <property name="sun.java.launcher" value="SUN_STANDARD"/>
    <property name="user.country" value="US"/>
    <property name="sun.boot.library.path" value="/Users/dasha/Library/Java/JavaVirtualMachines/corretto-17.0.6/Contents/Home/lib"/>
    <property name="sun.java.command" value="/Users/dasha/Desktop/SER 322 Database Management/Project/Deliverable 4/Group1_SchoolSupplyInventory/target/surefire/surefirebooter-20250301221836623_3.jar /Users/dasha/Desktop/SER 322 Database Management/Project/Deliverable 4/Group1_SchoolSupplyInventory/target/surefire 2025-03-01T22-18-36_577-jvmRun1 surefire-20250301221836623_1tmp surefire_0-20250301221836623_2tmp"/>
    <property name="http.nonProxyHosts" value="local|*.local|169.254/16|*.169.254/16"/>
    <property name="jdk.debug" value="release"/>
    <property name="surefire.test.class.path" value="/Users/dasha/Desktop/SER 322 Database Management/Project/Deliverable 4/Group1_SchoolSupplyInventory/target/test-classes:/Users/dasha/Desktop/SER 322 Database Management/Project/Deliverable 4/Group1_SchoolSupplyInventory/target/classes:/Users/dasha/.m2/repository/com/mysql/mysql-connector-j/8.0.33/mysql-connector-j-8.0.33.jar:/Users/dasha/.m2/repository/com/google/protobuf/protobuf-java/3.21.9/protobuf-java-3.21.9.jar:/Users/dasha/.m2/repository/org/openjfx/javafx-controls/17/javafx-controls-17.jar:/Users/dasha/.m2/repository/org/openjfx/javafx-controls/17/javafx-controls-17-mac-aarch64.jar:/Users/dasha/.m2/repository/org/openjfx/javafx-fxml/17/javafx-fxml-17.jar:/Users/dasha/.m2/repository/org/openjfx/javafx-fxml/17/javafx-fxml-17-mac-aarch64.jar:/Users/dasha/.m2/repository/org/openjfx/javafx-swing/17/javafx-swing-17.jar:/Users/dasha/.m2/repository/org/openjfx/javafx-swing/17/javafx-swing-17-mac-aarch64.jar:/Users/dasha/.m2/repository/org/openjfx/javafx-base/17/javafx-base-17.jar:/Users/dasha/.m2/repository/org/openjfx/javafx-base/17/javafx-base-17-mac-aarch64.jar:/Users/dasha/.m2/repository/org/openjfx/javafx-graphics/17/javafx-graphics-17.jar:/Users/dasha/.m2/repository/org/openjfx/javafx-graphics/17/javafx-graphics-17-mac-aarch64.jar:/Users/dasha/.m2/repository/junit/junit/4.13.2/junit-4.13.2.jar:/Users/dasha/.m2/repository/org/hamcrest/hamcrest-core/1.3/hamcrest-core-1.3.jar:"/>
    <property name="sun.cpu.endian" value="little"/>
    <property name="user.home" value="/Users/dasha"/>
    <property name="user.language" value="en"/>
    <property name="java.specification.vendor" value="Oracle Corporation"/>
    <property name="java.version.date" value="2023-01-17"/>
    <property name="java.home" value="/Users/dasha/Library/Java/JavaVirtualMachines/corretto-17.0.6/Contents/Home"/>
    <property name="file.separator" value="/"/>
    <property name="basedir" value="/Users/dasha/Desktop/SER 322 Database Management/Project/Deliverable 4/Group1_SchoolSupplyInventory"/>
    <property name="java.vm.compressedOopsMode" value="Zero based"/>
    <property name="line.separator" value="&#10;"/>
    <property name="java.specification.name" value="Java Platform API Specification"/>
    <property name="java.vm.specification.vendor" value="Oracle Corporation"/>
    <property name="surefire.real.class.path" value="/Users/dasha/Desktop/SER 322 Database Management/Project/Deliverable 4/Group1_SchoolSupplyInventory/target/surefire/surefirebooter-20250301221836623_3.jar"/>
    <property name="sun.management.compiler" value="HotSpot 64-Bit Tiered Compilers"/>
    <property name="ftp.nonProxyHosts" value="local|*.local|169.254/16|*.169.254/16"/>
    <property name="java.runtime.version" value="17.0.6+10-LTS"/>
    <property name="user.name" value="dasha"/>
    <property name="path.separator" value=":"/>
    <property name="os.version" value="15.2"/>
    <property name="java.runtime.name" value="OpenJDK Runtime Environment"/>
    <property name="file.encoding" value="UTF-8"/>
    <property name="java.vm.name" value="OpenJDK 64-Bit Server VM"/>
    <property name="java.vendor.version" value="Corretto-17.0.6.10.1"/>
    <property name="localRepository" value="/Users/dasha/.m2/repository"/>
    <property name="java.vendor.url.bug" value="https://github.com/corretto/corretto-17/issues/"/>
    <property name="java.io.tmpdir" value="/var/folders/c1/spls145x3w562pcs5y59d04w0000gn/T/"/>
    <property name="java.version" value="17.0.6"/>
    <property name="user.dir" value="/Users/dasha/Desktop/SER 322 Database Management/Project/Deliverable 4/Group1_SchoolSupplyInventory"/>
    <property name="os.arch" value="aarch64"/>
    <property name="java.vm.specification.name" value="Java Virtual Machine Specification"/>
    <property name="native.encoding" value="UTF-8"/>
    <property name="java.library.path" value="/Users/dasha/Library/Java/Extensions:/Library/Java/Extensions:/Network/Library/Java/Extensions:/System/Library/Java/Extensions:/usr/lib/java:."/>
    <property name="java.vm.info" value="mixed mode, sharing"/>
    <property name="java.vendor" value="Amazon.com Inc."/>
    <property name="java.vm.version" value="17.0.6+10-LTS"/>
    <property name="sun.io.unicode.encoding" value="UnicodeBig"/>
    <property name="socksNonProxyHosts" value="local|*.local|169.254/16|*.169.254/16"/>
    <property name="java.class.version" value="61.0"/>
  </properties>
  <testcase name="testDatabaseConnection" classname="SchoolSupplyInventory.TestDatabaseOperations" time="0.525"/>
  <testcase name="testGetAllItems" classname="SchoolSupplyInventory.TestDatabaseOperations" time="0.997">
    <system-out><![CDATA[Item added successfully! Rows affected: 1
]]></system-out>
  </testcase>
  <testcase name="testInsertItem" classname="SchoolSupplyInventory.TestDatabaseOperations" time="1.355">
    <system-out><![CDATA[Item added successfully! Rows affected: 1
]]></system-out>
  </testcase>
  <testcase name="testDeleteItem" classname="SchoolSupplyInventory.TestDatabaseOperations" time="1.994">
    <system-out><![CDATA[Item added successfully! Rows affected: 1
Item deleted successfully! Rows affected: 1
]]></system-out>
  </testcase>
  <testcase name="testUpdateItemQuantityToZero" classname="SchoolSupplyInventory.TestDatabaseOperations" time="1.008">
    <system-out><![CDATA[Item added successfully! Rows affected: 1
]]></system-out>
  </testcase>
</testsuite>